<?xml version="1.0" encoding="UTF-8"?>
<!-- Generated by org.testng.reporters.JUnitReportReporter -->
<testsuite hostname="LMA002649" failures="0" tests="1" name="tests.SuiteTest" time="9.535" errors="0" timestamp="2023-09-07T11:28:01 WEST" skipped="0">
  <testcase classname="tests.SuiteTest" name="casTestUn" time="9.535"/>
</testsuite> <!-- tests.SuiteTest -->
